[2026-06-14T21:03:49.882+0000] {manager.py:483} INFO - Processing files using up to 2 processes at a time 
[2026-06-14T21:03:49.882+0000] {manager.py:484} INFO - Process each file at most once every 30 seconds
[2026-06-14T21:03:49.883+0000] {manager.py:485} INFO - Checking for new files in /opt/airflow/dags every 300 seconds
[2026-06-14T21:03:49.884+0000] {manager.py:821} INFO - Searching for files in /opt/airflow/dags
[2026-06-14T21:03:49.896+0000] {manager.py:824} INFO - There are 1 files in /opt/airflow/dags
[2026-06-14T21:03:49.989+0000] {manager.py:997} INFO - 
================================================================================
DAG File Processing Stats

File Path                                  PID  Runtime      # DAGs    # Errors  Last Runtime    Last Run      Last # of DB Queries
---------------------------------------  -----  ---------  --------  ----------  --------------  ----------  ----------------------
/opt/airflow/dags/lakehouse_pipeline.py    171  0.03s             0           0                                                   0
================================================================================
[2026-06-14T21:04:20.256+0000] {manager.py:997} INFO - 
================================================================================
DAG File Processing Stats

File Path                                PID    Runtime      # DAGs    # Errors  Last Runtime    Last Run               Last # of DB Queries
---------------------------------------  -----  ---------  --------  ----------  --------------  -------------------  ----------------------
/opt/airflow/dags/lakehouse_pipeline.py                           1           0  0.48s           2026-06-14T21:03:50                      45
================================================================================
[2026-06-14T21:04:50.280+0000] {manager.py:997} INFO - 
================================================================================
DAG File Processing Stats

File Path                                PID    Runtime      # DAGs    # Errors  Last Runtime    Last Run               Last # of DB Queries
---------------------------------------  -----  ---------  --------  ----------  --------------  -------------------  ----------------------
/opt/airflow/dags/lakehouse_pipeline.py                           1           0  0.19s           2026-06-14T21:04:20                      12
================================================================================
[2026-06-14T21:05:20.604+0000] {manager.py:997} INFO - 
================================================================================
DAG File Processing Stats

File Path                                PID    Runtime      # DAGs    # Errors  Last Runtime    Last Run               Last # of DB Queries
---------------------------------------  -----  ---------  --------  ----------  --------------  -------------------  ----------------------
/opt/airflow/dags/lakehouse_pipeline.py                           1           0  0.19s           2026-06-14T21:04:51                      12
================================================================================
[2026-06-14T21:05:50.887+0000] {manager.py:997} INFO - 
================================================================================
DAG File Processing Stats

File Path                                PID    Runtime      # DAGs    # Errors  Last Runtime    Last Run               Last # of DB Queries
---------------------------------------  -----  ---------  --------  ----------  --------------  -------------------  ----------------------
/opt/airflow/dags/lakehouse_pipeline.py                           1           0  0.26s           2026-06-14T21:05:21                      12
================================================================================
[2026-06-14T21:06:21.407+0000] {manager.py:997} INFO - 
================================================================================
DAG File Processing Stats

File Path                                PID    Runtime      # DAGs    # Errors  Last Runtime    Last Run               Last # of DB Queries
---------------------------------------  -----  ---------  --------  ----------  --------------  -------------------  ----------------------
/opt/airflow/dags/lakehouse_pipeline.py                           1           0  0.20s           2026-06-14T21:05:52                      12
================================================================================
[2026-06-14T21:06:51.902+0000] {manager.py:997} INFO - 
================================================================================
DAG File Processing Stats

File Path                                PID    Runtime      # DAGs    # Errors  Last Runtime    Last Run               Last # of DB Queries
---------------------------------------  -----  ---------  --------  ----------  --------------  -------------------  ----------------------
/opt/airflow/dags/lakehouse_pipeline.py                           1           0  0.22s           2026-06-14T21:06:22                      12
================================================================================
[2026-06-14T21:07:22.282+0000] {manager.py:997} INFO - 
================================================================================
DAG File Processing Stats

File Path                                PID    Runtime      # DAGs    # Errors  Last Runtime    Last Run               Last # of DB Queries
---------------------------------------  -----  ---------  --------  ----------  --------------  -------------------  ----------------------
/opt/airflow/dags/lakehouse_pipeline.py                           1           0  0.27s           2026-06-14T21:06:53                      12
================================================================================
[2026-06-14T21:07:52.639+0000] {manager.py:997} INFO - 
================================================================================
DAG File Processing Stats

File Path                                PID    Runtime      # DAGs    # Errors  Last Runtime    Last Run               Last # of DB Queries
---------------------------------------  -----  ---------  --------  ----------  --------------  -------------------  ----------------------
/opt/airflow/dags/lakehouse_pipeline.py                           1           0  0.22s           2026-06-14T21:07:23                      12
================================================================================
[2026-06-14T21:08:23.208+0000] {manager.py:997} INFO - 
================================================================================
DAG File Processing Stats

File Path                                PID    Runtime      # DAGs    # Errors  Last Runtime    Last Run               Last # of DB Queries
---------------------------------------  -----  ---------  --------  ----------  --------------  -------------------  ----------------------
/opt/airflow/dags/lakehouse_pipeline.py                           1           0  0.24s           2026-06-14T21:07:53                      12
================================================================================
[2026-06-14T21:08:50.557+0000] {manager.py:821} INFO - Searching for files in /opt/airflow/dags
[2026-06-14T21:08:50.606+0000] {manager.py:824} INFO - There are 1 files in /opt/airflow/dags
[2026-06-14T21:08:53.668+0000] {manager.py:997} INFO - 
================================================================================
DAG File Processing Stats

File Path                                PID    Runtime      # DAGs    # Errors  Last Runtime    Last Run               Last # of DB Queries
---------------------------------------  -----  ---------  --------  ----------  --------------  -------------------  ----------------------
/opt/airflow/dags/lakehouse_pipeline.py                           1           0  0.23s           2026-06-14T21:08:24                      12
================================================================================
[2026-06-14T21:09:24.127+0000] {manager.py:997} INFO - 
================================================================================
DAG File Processing Stats

File Path                                PID    Runtime      # DAGs    # Errors  Last Runtime    Last Run               Last # of DB Queries
---------------------------------------  -----  ---------  --------  ----------  --------------  -------------------  ----------------------
/opt/airflow/dags/lakehouse_pipeline.py                           1           0  0.21s           2026-06-14T21:08:54                      12
================================================================================
[2026-06-14T21:09:54.585+0000] {manager.py:997} INFO - 
================================================================================
DAG File Processing Stats

File Path                                PID    Runtime      # DAGs    # Errors  Last Runtime    Last Run               Last # of DB Queries
---------------------------------------  -----  ---------  --------  ----------  --------------  -------------------  ----------------------
/opt/airflow/dags/lakehouse_pipeline.py                           1           0  0.18s           2026-06-14T21:09:25                      12
================================================================================
[2026-06-14T21:10:24.997+0000] {manager.py:997} INFO - 
================================================================================
DAG File Processing Stats

File Path                                PID    Runtime      # DAGs    # Errors  Last Runtime    Last Run               Last # of DB Queries
---------------------------------------  -----  ---------  --------  ----------  --------------  -------------------  ----------------------
/opt/airflow/dags/lakehouse_pipeline.py                           1           0  0.22s           2026-06-14T21:09:55                      12
================================================================================
[2026-06-14T21:10:55.546+0000] {manager.py:997} INFO - 
================================================================================
DAG File Processing Stats

File Path                                PID    Runtime      # DAGs    # Errors  Last Runtime    Last Run               Last # of DB Queries
---------------------------------------  -----  ---------  --------  ----------  --------------  -------------------  ----------------------
/opt/airflow/dags/lakehouse_pipeline.py                           1           0  0.22s           2026-06-14T21:10:26                      12
================================================================================
[2026-06-14T21:11:25.949+0000] {manager.py:997} INFO - 
================================================================================
DAG File Processing Stats

File Path                                PID    Runtime      # DAGs    # Errors  Last Runtime    Last Run               Last # of DB Queries
---------------------------------------  -----  ---------  --------  ----------  --------------  -------------------  ----------------------
/opt/airflow/dags/lakehouse_pipeline.py                           1           0  0.21s           2026-06-14T21:10:56                      12
================================================================================
[2026-06-14T21:11:56.502+0000] {manager.py:997} INFO - 
================================================================================
DAG File Processing Stats

File Path                                PID    Runtime      # DAGs    # Errors  Last Runtime    Last Run               Last # of DB Queries
---------------------------------------  -----  ---------  --------  ----------  --------------  -------------------  ----------------------
/opt/airflow/dags/lakehouse_pipeline.py                           1           0  0.23s           2026-06-14T21:11:27                      12
================================================================================
[2026-06-14T21:12:26.908+0000] {manager.py:997} INFO - 
================================================================================
DAG File Processing Stats

File Path                                PID    Runtime      # DAGs    # Errors  Last Runtime    Last Run               Last # of DB Queries
---------------------------------------  -----  ---------  --------  ----------  --------------  -------------------  ----------------------
/opt/airflow/dags/lakehouse_pipeline.py                           1           0  0.19s           2026-06-14T21:11:57                      12
================================================================================
[2026-06-14T21:12:57.356+0000] {manager.py:997} INFO - 
================================================================================
DAG File Processing Stats

File Path                                PID    Runtime      # DAGs    # Errors  Last Runtime    Last Run               Last # of DB Queries
---------------------------------------  -----  ---------  --------  ----------  --------------  -------------------  ----------------------
/opt/airflow/dags/lakehouse_pipeline.py                           1           0  0.26s           2026-06-14T21:12:28                      12
================================================================================
[2026-06-14T21:13:27.828+0000] {manager.py:997} INFO - 
================================================================================
DAG File Processing Stats

File Path                                PID    Runtime      # DAGs    # Errors  Last Runtime    Last Run               Last # of DB Queries
---------------------------------------  -----  ---------  --------  ----------  --------------  -------------------  ----------------------
/opt/airflow/dags/lakehouse_pipeline.py                           1           0  0.22s           2026-06-14T21:12:58                      12
================================================================================
[2026-06-14T21:13:51.218+0000] {manager.py:821} INFO - Searching for files in /opt/airflow/dags
[2026-06-14T21:13:51.255+0000] {manager.py:824} INFO - There are 1 files in /opt/airflow/dags
[2026-06-14T21:13:58.367+0000] {manager.py:997} INFO - 
================================================================================
DAG File Processing Stats

File Path                                PID    Runtime      # DAGs    # Errors  Last Runtime    Last Run               Last # of DB Queries
---------------------------------------  -----  ---------  --------  ----------  --------------  -------------------  ----------------------
/opt/airflow/dags/lakehouse_pipeline.py                           1           0  0.19s           2026-06-14T21:13:29                      12
================================================================================
[2026-06-14T21:14:28.789+0000] {manager.py:997} INFO - 
================================================================================
DAG File Processing Stats

File Path                                PID    Runtime      # DAGs    # Errors  Last Runtime    Last Run               Last # of DB Queries
---------------------------------------  -----  ---------  --------  ----------  --------------  -------------------  ----------------------
/opt/airflow/dags/lakehouse_pipeline.py                           1           0  0.25s           2026-06-14T21:13:59                      12
================================================================================
[2026-06-14T21:14:59.181+0000] {manager.py:997} INFO - 
================================================================================
DAG File Processing Stats

File Path                                PID    Runtime      # DAGs    # Errors  Last Runtime    Last Run               Last # of DB Queries
---------------------------------------  -----  ---------  --------  ----------  --------------  -------------------  ----------------------
/opt/airflow/dags/lakehouse_pipeline.py                           1           0  0.21s           2026-06-14T21:14:30                      12
================================================================================
[2026-06-14T21:15:29.867+0000] {manager.py:997} INFO - 
================================================================================
DAG File Processing Stats

File Path                                PID    Runtime      # DAGs    # Errors  Last Runtime    Last Run               Last # of DB Queries
---------------------------------------  -----  ---------  --------  ----------  --------------  -------------------  ----------------------
/opt/airflow/dags/lakehouse_pipeline.py                           1           0  0.22s           2026-06-14T21:15:00                      12
================================================================================
[2026-06-14T21:16:00.457+0000] {manager.py:997} INFO - 
================================================================================
DAG File Processing Stats

File Path                                PID    Runtime      # DAGs    # Errors  Last Runtime    Last Run               Last # of DB Queries
---------------------------------------  -----  ---------  --------  ----------  --------------  -------------------  ----------------------
/opt/airflow/dags/lakehouse_pipeline.py                           1           0  0.32s           2026-06-14T21:15:31                      12
================================================================================
[2026-06-14T21:16:31.190+0000] {manager.py:997} INFO - 
================================================================================
DAG File Processing Stats

File Path                                PID    Runtime      # DAGs    # Errors  Last Runtime    Last Run               Last # of DB Queries
---------------------------------------  -----  ---------  --------  ----------  --------------  -------------------  ----------------------
/opt/airflow/dags/lakehouse_pipeline.py                           1           0  0.39s           2026-06-14T21:16:01                      12
================================================================================
[2026-06-14T21:17:01.621+0000] {manager.py:997} INFO - 
================================================================================
DAG File Processing Stats

File Path                                PID    Runtime      # DAGs    # Errors  Last Runtime    Last Run               Last # of DB Queries
---------------------------------------  -----  ---------  --------  ----------  --------------  -------------------  ----------------------
/opt/airflow/dags/lakehouse_pipeline.py                           1           0  0.14s           2026-06-14T21:16:32                      12
================================================================================
[2026-06-14T21:17:31.973+0000] {manager.py:997} INFO - 
================================================================================
DAG File Processing Stats

File Path                                PID    Runtime      # DAGs    # Errors  Last Runtime    Last Run               Last # of DB Queries
---------------------------------------  -----  ---------  --------  ----------  --------------  -------------------  ----------------------
/opt/airflow/dags/lakehouse_pipeline.py                           1           0  0.21s           2026-06-14T21:17:02                      12
================================================================================
[2026-06-14T21:18:02.333+0000] {manager.py:997} INFO - 
================================================================================
DAG File Processing Stats

File Path                                PID    Runtime      # DAGs    # Errors  Last Runtime    Last Run               Last # of DB Queries
---------------------------------------  -----  ---------  --------  ----------  --------------  -------------------  ----------------------
/opt/airflow/dags/lakehouse_pipeline.py                           1           0  0.18s           2026-06-14T21:17:33                      12
================================================================================
[2026-06-14T21:18:32.851+0000] {manager.py:997} INFO - 
================================================================================
DAG File Processing Stats

File Path                                PID    Runtime      # DAGs    # Errors  Last Runtime    Last Run               Last # of DB Queries
---------------------------------------  -----  ---------  --------  ----------  --------------  -------------------  ----------------------
/opt/airflow/dags/lakehouse_pipeline.py                           1           0  0.24s           2026-06-14T21:18:03                      12
================================================================================
[2026-06-14T21:18:51.248+0000] {manager.py:821} INFO - Searching for files in /opt/airflow/dags
[2026-06-14T21:18:51.292+0000] {manager.py:824} INFO - There are 1 files in /opt/airflow/dags
[2026-06-14T21:19:03.304+0000] {manager.py:997} INFO - 
================================================================================
DAG File Processing Stats

File Path                                PID    Runtime      # DAGs    # Errors  Last Runtime    Last Run               Last # of DB Queries
---------------------------------------  -----  ---------  --------  ----------  --------------  -------------------  ----------------------
/opt/airflow/dags/lakehouse_pipeline.py                           1           0  0.23s           2026-06-14T21:18:34                      12
================================================================================
[2026-06-14T21:19:33.343+0000] {manager.py:997} INFO - 
================================================================================
DAG File Processing Stats

File Path                                PID    Runtime      # DAGs    # Errors  Last Runtime    Last Run               Last # of DB Queries
---------------------------------------  -----  ---------  --------  ----------  --------------  -------------------  ----------------------
/opt/airflow/dags/lakehouse_pipeline.py                           1           0  0.48s           2026-06-14T21:19:04                      12
================================================================================
[2026-06-14T21:20:03.780+0000] {manager.py:997} INFO - 
================================================================================
DAG File Processing Stats

File Path                                PID    Runtime      # DAGs    # Errors  Last Runtime    Last Run               Last # of DB Queries
---------------------------------------  -----  ---------  --------  ----------  --------------  -------------------  ----------------------
/opt/airflow/dags/lakehouse_pipeline.py                           1           0  0.32s           2026-06-14T21:19:35                      12
================================================================================
[2026-06-14T21:20:34.207+0000] {manager.py:997} INFO - 
================================================================================
DAG File Processing Stats

File Path                                PID    Runtime      # DAGs    # Errors  Last Runtime    Last Run               Last # of DB Queries
---------------------------------------  -----  ---------  --------  ----------  --------------  -------------------  ----------------------
/opt/airflow/dags/lakehouse_pipeline.py                           1           0  0.41s           2026-06-14T21:20:06                      12
================================================================================
[2026-06-14T21:21:04.989+0000] {manager.py:997} INFO - 
================================================================================
DAG File Processing Stats

File Path                                PID    Runtime      # DAGs    # Errors  Last Runtime    Last Run               Last # of DB Queries
---------------------------------------  -----  ---------  --------  ----------  --------------  -------------------  ----------------------
/opt/airflow/dags/lakehouse_pipeline.py                           1           0  0.23s           2026-06-14T21:20:36                      12
================================================================================
[2026-06-14T21:21:35.557+0000] {manager.py:997} INFO - 
================================================================================
DAG File Processing Stats

File Path                                PID    Runtime      # DAGs    # Errors  Last Runtime    Last Run               Last # of DB Queries
---------------------------------------  -----  ---------  --------  ----------  --------------  -------------------  ----------------------
/opt/airflow/dags/lakehouse_pipeline.py                           1           0  0.44s           2026-06-14T21:21:07                      12
================================================================================
[2026-06-14T21:22:06.120+0000] {manager.py:997} INFO - 
================================================================================
DAG File Processing Stats

File Path                                PID    Runtime      # DAGs    # Errors  Last Runtime    Last Run               Last # of DB Queries
---------------------------------------  -----  ---------  --------  ----------  --------------  -------------------  ----------------------
/opt/airflow/dags/lakehouse_pipeline.py                           1           0  0.40s           2026-06-14T21:21:37                      12
================================================================================
[2026-06-14T21:22:36.682+0000] {manager.py:997} INFO - 
================================================================================
DAG File Processing Stats

File Path                                PID    Runtime      # DAGs    # Errors  Last Runtime    Last Run               Last # of DB Queries
---------------------------------------  -----  ---------  --------  ----------  --------------  -------------------  ----------------------
/opt/airflow/dags/lakehouse_pipeline.py                           1           0  0.53s           2026-06-14T21:22:08                      12
================================================================================
[2026-06-14T21:23:06.731+0000] {manager.py:997} INFO - 
================================================================================
DAG File Processing Stats

File Path                                PID    Runtime      # DAGs    # Errors  Last Runtime    Last Run               Last # of DB Queries
---------------------------------------  -----  ---------  --------  ----------  --------------  -------------------  ----------------------
/opt/airflow/dags/lakehouse_pipeline.py                           1           0  0.28s           2026-06-14T21:22:39                      12
================================================================================
[2026-06-14T21:23:37.093+0000] {manager.py:997} INFO - 
================================================================================
DAG File Processing Stats

File Path                                PID    Runtime      # DAGs    # Errors  Last Runtime    Last Run               Last # of DB Queries
---------------------------------------  -----  ---------  --------  ----------  --------------  -------------------  ----------------------
/opt/airflow/dags/lakehouse_pipeline.py                           1           0  0.26s           2026-06-14T21:23:09                      12
================================================================================
[2026-06-14T21:23:51.285+0000] {manager.py:821} INFO - Searching for files in /opt/airflow/dags
[2026-06-14T21:23:51.335+0000] {manager.py:824} INFO - There are 1 files in /opt/airflow/dags
[2026-06-14T21:24:07.560+0000] {manager.py:997} INFO - 
================================================================================
DAG File Processing Stats

File Path                                PID    Runtime      # DAGs    # Errors  Last Runtime    Last Run               Last # of DB Queries
---------------------------------------  -----  ---------  --------  ----------  --------------  -------------------  ----------------------
/opt/airflow/dags/lakehouse_pipeline.py                           1           0  0.21s           2026-06-14T21:23:40                      12
================================================================================
[2026-06-14T21:24:38.000+0000] {manager.py:997} INFO - 
================================================================================
DAG File Processing Stats

File Path                                PID    Runtime      # DAGs    # Errors  Last Runtime    Last Run               Last # of DB Queries
---------------------------------------  -----  ---------  --------  ----------  --------------  -------------------  ----------------------
/opt/airflow/dags/lakehouse_pipeline.py                           1           0  0.25s           2026-06-14T21:24:10                      12
================================================================================
[2026-06-14T21:25:08.479+0000] {manager.py:997} INFO - 
================================================================================
DAG File Processing Stats

File Path                                PID    Runtime      # DAGs    # Errors  Last Runtime    Last Run               Last # of DB Queries
---------------------------------------  -----  ---------  --------  ----------  --------------  -------------------  ----------------------
/opt/airflow/dags/lakehouse_pipeline.py                           1           0  0.46s           2026-06-14T21:24:41                      12
================================================================================
[2026-06-14T21:25:39.188+0000] {manager.py:997} INFO - 
================================================================================
DAG File Processing Stats

File Path                                PID    Runtime      # DAGs    # Errors  Last Runtime    Last Run               Last # of DB Queries
---------------------------------------  -----  ---------  --------  ----------  --------------  -------------------  ----------------------
/opt/airflow/dags/lakehouse_pipeline.py                           1           0  0.19s           2026-06-14T21:25:12                      12
================================================================================
[2026-06-14T21:26:09.705+0000] {manager.py:997} INFO - 
================================================================================
DAG File Processing Stats

File Path                                PID    Runtime      # DAGs    # Errors  Last Runtime    Last Run               Last # of DB Queries
---------------------------------------  -----  ---------  --------  ----------  --------------  -------------------  ----------------------
/opt/airflow/dags/lakehouse_pipeline.py                           1           0  0.23s           2026-06-14T21:25:42                      12
================================================================================
[2026-06-14T21:26:40.067+0000] {manager.py:997} INFO - 
================================================================================
DAG File Processing Stats

File Path                                PID    Runtime      # DAGs    # Errors  Last Runtime    Last Run               Last # of DB Queries
---------------------------------------  -----  ---------  --------  ----------  --------------  -------------------  ----------------------
/opt/airflow/dags/lakehouse_pipeline.py                           1           0  0.26s           2026-06-14T21:26:13                      12
================================================================================
[2026-06-14T21:27:10.620+0000] {manager.py:997} INFO - 
================================================================================
DAG File Processing Stats

File Path                                PID    Runtime      # DAGs    # Errors  Last Runtime    Last Run               Last # of DB Queries
---------------------------------------  -----  ---------  --------  ----------  --------------  -------------------  ----------------------
/opt/airflow/dags/lakehouse_pipeline.py                           1           0  0.23s           2026-06-14T21:26:43                      12
================================================================================
[2026-06-14T21:27:41.041+0000] {manager.py:997} INFO - 
================================================================================
DAG File Processing Stats

File Path                                PID    Runtime      # DAGs    # Errors  Last Runtime    Last Run               Last # of DB Queries
---------------------------------------  -----  ---------  --------  ----------  --------------  -------------------  ----------------------
/opt/airflow/dags/lakehouse_pipeline.py                           1           0  0.21s           2026-06-14T21:27:13                      12
================================================================================
[2026-06-14T21:28:11.613+0000] {manager.py:997} INFO - 
================================================================================
DAG File Processing Stats

File Path                                PID    Runtime      # DAGs    # Errors  Last Runtime    Last Run               Last # of DB Queries
---------------------------------------  -----  ---------  --------  ----------  --------------  -------------------  ----------------------
/opt/airflow/dags/lakehouse_pipeline.py                           1           0  0.26s           2026-06-14T21:27:44                      12
================================================================================
[2026-06-14T21:28:41.993+0000] {manager.py:997} INFO - 
================================================================================
DAG File Processing Stats

File Path                                PID    Runtime      # DAGs    # Errors  Last Runtime    Last Run               Last # of DB Queries
---------------------------------------  -----  ---------  --------  ----------  --------------  -------------------  ----------------------
/opt/airflow/dags/lakehouse_pipeline.py                           1           0  0.24s           2026-06-14T21:28:14                      12
================================================================================
[2026-06-14T21:28:51.312+0000] {manager.py:821} INFO - Searching for files in /opt/airflow/dags
[2026-06-14T21:28:51.351+0000] {manager.py:824} INFO - There are 1 files in /opt/airflow/dags
[2026-06-14T21:29:12.321+0000] {manager.py:997} INFO - 
================================================================================
DAG File Processing Stats

File Path                                PID    Runtime      # DAGs    # Errors  Last Runtime    Last Run               Last # of DB Queries
---------------------------------------  -----  ---------  --------  ----------  --------------  -------------------  ----------------------
/opt/airflow/dags/lakehouse_pipeline.py                           1           0  0.21s           2026-06-14T21:28:45                      12
================================================================================
[2026-06-14T21:29:42.894+0000] {manager.py:997} INFO - 
================================================================================
DAG File Processing Stats

File Path                                PID    Runtime      # DAGs    # Errors  Last Runtime    Last Run               Last # of DB Queries
---------------------------------------  -----  ---------  --------  ----------  --------------  -------------------  ----------------------
/opt/airflow/dags/lakehouse_pipeline.py                           1           0  0.26s           2026-06-14T21:29:15                      12
================================================================================
[2026-06-14T21:30:13.286+0000] {manager.py:997} INFO - 
================================================================================
DAG File Processing Stats

File Path                                PID    Runtime      # DAGs    # Errors  Last Runtime    Last Run               Last # of DB Queries
---------------------------------------  -----  ---------  --------  ----------  --------------  -------------------  ----------------------
/opt/airflow/dags/lakehouse_pipeline.py                           1           0  0.22s           2026-06-14T21:29:46                      12
================================================================================
[2026-06-14T21:30:43.827+0000] {manager.py:997} INFO - 
================================================================================
DAG File Processing Stats

File Path                                PID    Runtime      # DAGs    # Errors  Last Runtime    Last Run               Last # of DB Queries
---------------------------------------  -----  ---------  --------  ----------  --------------  -------------------  ----------------------
/opt/airflow/dags/lakehouse_pipeline.py                           1           0  0.19s           2026-06-14T21:30:16                      12
================================================================================
[2026-06-14T21:31:14.265+0000] {manager.py:997} INFO - 
================================================================================
DAG File Processing Stats

File Path                                PID    Runtime      # DAGs    # Errors  Last Runtime    Last Run               Last # of DB Queries
---------------------------------------  -----  ---------  --------  ----------  --------------  -------------------  ----------------------
/opt/airflow/dags/lakehouse_pipeline.py                           1           0  0.20s           2026-06-14T21:30:47                      12
================================================================================
[2026-06-14T21:31:44.744+0000] {manager.py:997} INFO - 
================================================================================
DAG File Processing Stats

File Path                                PID    Runtime      # DAGs    # Errors  Last Runtime    Last Run               Last # of DB Queries
---------------------------------------  -----  ---------  --------  ----------  --------------  -------------------  ----------------------
/opt/airflow/dags/lakehouse_pipeline.py                           1           0  0.24s           2026-06-14T21:31:17                      12
================================================================================
[2026-06-14T21:32:15.230+0000] {manager.py:997} INFO - 
================================================================================
DAG File Processing Stats

File Path                                PID    Runtime      # DAGs    # Errors  Last Runtime    Last Run               Last # of DB Queries
---------------------------------------  -----  ---------  --------  ----------  --------------  -------------------  ----------------------
/opt/airflow/dags/lakehouse_pipeline.py                           1           0  0.22s           2026-06-14T21:31:48                      12
================================================================================
[2026-06-14T21:32:45.726+0000] {manager.py:997} INFO - 
================================================================================
DAG File Processing Stats

File Path                                PID    Runtime      # DAGs    # Errors  Last Runtime    Last Run               Last # of DB Queries
---------------------------------------  -----  ---------  --------  ----------  --------------  -------------------  ----------------------
/opt/airflow/dags/lakehouse_pipeline.py                           1           0  0.22s           2026-06-14T21:32:18                      12
================================================================================
[2026-06-14T21:33:16.215+0000] {manager.py:997} INFO - 
================================================================================
DAG File Processing Stats

File Path                                PID    Runtime      # DAGs    # Errors  Last Runtime    Last Run               Last # of DB Queries
---------------------------------------  -----  ---------  --------  ----------  --------------  -------------------  ----------------------
/opt/airflow/dags/lakehouse_pipeline.py                           1           0  0.23s           2026-06-14T21:32:49                      12
================================================================================
[2026-06-14T21:33:46.680+0000] {manager.py:997} INFO - 
================================================================================
DAG File Processing Stats

File Path                                PID    Runtime      # DAGs    # Errors  Last Runtime    Last Run               Last # of DB Queries
---------------------------------------  -----  ---------  --------  ----------  --------------  -------------------  ----------------------
/opt/airflow/dags/lakehouse_pipeline.py                           1           0  0.23s           2026-06-14T21:33:19                      12
================================================================================
[2026-06-14T21:33:51.888+0000] {manager.py:821} INFO - Searching for files in /opt/airflow/dags
[2026-06-14T21:33:51.938+0000] {manager.py:824} INFO - There are 1 files in /opt/airflow/dags
[2026-06-14T21:34:17.246+0000] {manager.py:997} INFO - 
================================================================================
DAG File Processing Stats

File Path                                PID    Runtime      # DAGs    # Errors  Last Runtime    Last Run               Last # of DB Queries
---------------------------------------  -----  ---------  --------  ----------  --------------  -------------------  ----------------------
/opt/airflow/dags/lakehouse_pipeline.py                           1           0  0.19s           2026-06-14T21:33:49                      12
================================================================================
[2026-06-14T21:34:47.679+0000] {manager.py:997} INFO - 
================================================================================
DAG File Processing Stats

File Path                                PID    Runtime      # DAGs    # Errors  Last Runtime    Last Run               Last # of DB Queries
---------------------------------------  -----  ---------  --------  ----------  --------------  -------------------  ----------------------
/opt/airflow/dags/lakehouse_pipeline.py                           1           0  0.28s           2026-06-14T21:34:20                      12
================================================================================
[2026-06-14T21:35:18.044+0000] {manager.py:997} INFO - 
================================================================================
DAG File Processing Stats

File Path                                PID    Runtime      # DAGs    # Errors  Last Runtime    Last Run               Last # of DB Queries
---------------------------------------  -----  ---------  --------  ----------  --------------  -------------------  ----------------------
/opt/airflow/dags/lakehouse_pipeline.py                           1           0  0.21s           2026-06-14T21:34:50                      12
================================================================================
[2026-06-14T21:35:48.572+0000] {manager.py:997} INFO - 
================================================================================
DAG File Processing Stats

File Path                                PID    Runtime      # DAGs    # Errors  Last Runtime    Last Run               Last # of DB Queries
---------------------------------------  -----  ---------  --------  ----------  --------------  -------------------  ----------------------
/opt/airflow/dags/lakehouse_pipeline.py                           1           0  0.23s           2026-06-14T21:35:21                      12
================================================================================
